# JRE version: Java(TM) SE Runtime Environment (16.0+36) (build 16+36-2231)
# Java VM: Java HotSpot(TM) 64-Bit Server VM (16+36-2231, mixed mode, sharing, tiered, compressed oops, parallel gc, windows-amd64)
GC Precious Log:
 CPUs: 16 total, 16 available
 Memory: 32683M
 Large Page Support: Disabled
 NUMA Support: Disabled
 Compressed Oops: Enabled (32-bit)
 Alignments: Space 512K, Generation 512K, Heap 2M
 Heap Min Capacity: 100M
 Heap Initial Capacity: 100M
 Heap Max Capacity: 1G
 Pre-touch: Disabled
 Parallel Workers: 13
Heap:
 PSYoungGen      total 2048K, used 2048K [0x00000000eab00000, 0x00000000eb280000, 0x0000000100000000)
  eden space 512K, 100% used [0x00000000eab00000,0x00000000eab80000,0x00000000eab80000)
  from space 1536K, 100% used [0x00000000eae00000,0x00000000eaf80000,0x00000000eaf80000)
  to   space 2560K, 25% used [0x00000000eab80000,0x00000000eac20000,0x00000000eae00000)
 ParOldGen       total 117248K, used 104244K [0x00000000c0000000, 0x00000000c7280000, 0x00000000eab00000)
  object space 117248K, 88% used [0x00000000c0000000,0x00000000c65cd2d0,0x00000000c7280000)
 Metaspace       used 73691K, committed 74624K, reserved 1122304K
  class space    used 7298K, committed 7744K, reserved 1048576K
GC Heap History (20 events):
Event: 1253.981 GC heap after
{Heap after GC invocations=1443 (full 48):
 PSYoungGen      total 4608K, used 2176K [0x00000000eab00000, 0x00000000eb200000, 0x0000000100000000)
  eden space 2048K, 0% used [0x00000000eab00000,0x00000000eab00000,0x00000000ead00000)
  from space 2560K, 85% used [0x00000000ead00000,0x00000000eaf20000,0x00000000eaf80000)
  to   space 2560K, 0% used [0x00000000eaf80000,0x00000000eaf80000,0x00000000eb200000)
 ParOldGen       total 116736K, used 116065K [0x00000000c0000000, 0x00000000c7200000, 0x00000000eab00000)
  object space 116736K, 99% used [0x00000000c0000000,0x00000000c7158408,0x00000000c7200000)
 Metaspace       used 73690K, committed 74624K, reserved 1122304K
  class space    used 7298K, committed 7744K, reserved 1048576K
}
Event: 1253.981 GC heap before
{Heap before GC invocations=1444 (full 49):
 PSYoungGen      total 4608K, used 2176K [0x00000000eab00000, 0x00000000eb200000, 0x0000000100000000)
  eden space 2048K, 0% used [0x00000000eab00000,0x00000000eab00000,0x00000000ead00000)
  from space 2560K, 85% used [0x00000000ead00000,0x00000000eaf20000,0x00000000eaf80000)
  to   space 2560K, 0% used [0x00000000eaf80000,0x00000000eaf80000,0x00000000eb200000)
 ParOldGen       total 116736K, used 116065K [0x00000000c0000000, 0x00000000c7200000, 0x00000000eab00000)
  object space 116736K, 99% used [0x00000000c0000000,0x00000000c7158408,0x00000000c7200000)
 Metaspace       used 73690K, committed 74624K, reserved 1122304K
  class space    used 7298K, committed 7744K, reserved 1048576K
}
Event: 1254.022 GC heap after
{Heap after GC invocations=1444 (full 49):
 PSYoungGen      total 4608K, used 0K [0x00000000eab00000, 0x00000000eb200000, 0x0000000100000000)
  eden space 2048K, 0% used [0x00000000eab00000,0x00000000eab00000,0x00000000ead00000)
  from space 2560K, 0% used [0x00000000eaf80000,0x00000000eaf80000,0x00000000eb200000)
  to   space 2560K, 0% used [0x00000000ead00000,0x00000000ead00000,0x00000000eaf80000)
 ParOldGen       total 117248K, used 98593K [0x00000000c0000000, 0x00000000c7280000, 0x00000000eab00000)
  object space 117248K, 84% used [0x00000000c0000000,0x00000000c60485a8,0x00000000c7280000)
 Metaspace       used 73690K, committed 74624K, reserved 1122304K
  class space    used 7298K, committed 7744K, reserved 1048576K
}
Event: 1254.026 GC heap before
{Heap before GC invocations=1445 (full 49):
 PSYoungGen      total 4608K, used 2048K [0x00000000eab00000, 0x00000000eb200000, 0x0000000100000000)
  eden space 2048K, 100% used [0x00000000eab00000,0x00000000ead00000,0x00000000ead00000)
  from space 2560K, 0% used [0x00000000eaf80000,0x00000000eaf80000,0x00000000eb200000)
  to   space 2560K, 0% used [0x00000000ead00000,0x00000000ead00000,0x00000000eaf80000)
 ParOldGen       total 117248K, used 98593K [0x00000000c0000000, 0x00000000c7280000, 0x00000000eab00000)
  object space 117248K, 84% used [0x00000000c0000000,0x00000000c60485a8,0x00000000c7280000)
 Metaspace       used 73690K, committed 74624K, reserved 1122304K
  class space    used 7298K, committed 7744K, reserved 1048576K
}
Event: 1254.027 GC heap after
{Heap after GC invocations=1445 (full 49):
 PSYoungGen      total 3584K, used 1184K [0x00000000eab00000, 0x00000000eb100000, 0x0000000100000000)
  eden space 2048K, 0% used [0x00000000eab00000,0x00000000eab00000,0x00000000ead00000)
  from space 1536K, 77% used [0x00000000ead00000,0x00000000eae28000,0x00000000eae80000)
  to   space 2048K, 0% used [0x00000000eaf00000,0x00000000eaf00000,0x00000000eb100000)
 ParOldGen       total 117248K, used 98593K [0x00000000c0000000, 0x00000000c7280000, 0x00000000eab00000)
  object space 117248K, 84% used [0x00000000c0000000,0x00000000c60485a8,0x00000000c7280000)
 Metaspace       used 73690K, committed 74624K, reserved 1122304K
  class space    used 7298K, committed 7744K, reserved 1048576K
}
Event: 1254.030 GC heap before
{Heap before GC invocations=1446 (full 49):
 PSYoungGen      total 3584K, used 3232K [0x00000000eab00000, 0x00000000eb100000, 0x0000000100000000)
  eden space 2048K, 100% used [0x00000000eab00000,0x00000000ead00000,0x00000000ead00000)
  from space 1536K, 77% used [0x00000000ead00000,0x00000000eae28000,0x00000000eae80000)
  to   space 2048K, 0% used [0x00000000eaf00000,0x00000000eaf00000,0x00000000eb100000)
 ParOldGen       total 117248K, used 98593K [0x00000000c0000000, 0x00000000c7280000, 0x00000000eab00000)
  object space 117248K, 84% used [0x00000000c0000000,0x00000000c60485a8,0x00000000c7280000)
 Metaspace       used 73690K, committed 74624K, reserved 1122304K
  class space    used 7298K, committed 7744K, reserved 1048576K
}
Event: 1254.031 GC heap after
{Heap after GC invocations=1446 (full 49):
 PSYoungGen      total 3072K, used 1008K [0x00000000eab00000, 0x00000000eb000000, 0x0000000100000000)
  eden space 2048K, 0% used [0x00000000eab00000,0x00000000eab00000,0x00000000ead00000)
  from space 1024K, 98% used [0x00000000eaf00000,0x00000000eaffc010,0x00000000eb000000)
  to   space 1536K, 0% used [0x00000000ead00000,0x00000000ead00000,0x00000000eae80000)
 ParOldGen       total 117248K, used 98687K [0x00000000c0000000, 0x00000000c7280000, 0x00000000eab00000)
  object space 117248K, 84% used [0x00000000c0000000,0x00000000c605ffe8,0x00000000c7280000)
 Metaspace       used 73690K, committed 74624K, reserved 1122304K
  class space    used 7298K, committed 7744K, reserved 1048576K
}
Event: 1255.189 GC heap before
{Heap before GC invocations=1447 (full 49):
 PSYoungGen      total 3072K, used 3055K [0x00000000eab00000, 0x00000000eb000000, 0x0000000100000000)
  eden space 2048K, 99% used [0x00000000eab00000,0x00000000eacfffc0,0x00000000ead00000)
  from space 1024K, 98% used [0x00000000eaf00000,0x00000000eaffc010,0x00000000eb000000)
  to   space 1536K, 0% used [0x00000000ead00000,0x00000000ead00000,0x00000000eae80000)
 ParOldGen       total 117248K, used 98687K [0x00000000c0000000, 0x00000000c7280000, 0x00000000eab00000)
  object space 117248K, 84% used [0x00000000c0000000,0x00000000c605ffe8,0x00000000c7280000)
 Metaspace       used 73691K, committed 74624K, reserved 1122304K
  class space    used 7298K, committed 7744K, reserved 1048576K
}
Event: 1255.190 GC heap after
{Heap after GC invocations=1447 (full 49):
 PSYoungGen      total 3584K, used 416K [0x00000000eab00000, 0x00000000eaf80000, 0x0000000100000000)
  eden space 2048K, 0% used [0x00000000eab00000,0x00000000eab00000,0x00000000ead00000)
  from space 1536K, 27% used [0x00000000ead00000,0x00000000ead68000,0x00000000eae80000)
  to   space 1024K, 0% used [0x00000000eae80000,0x00000000eae80000,0x00000000eaf80000)
 ParOldGen       total 117248K, used 99495K [0x00000000c0000000, 0x00000000c7280000, 0x00000000eab00000)
  object space 117248K, 84% used [0x00000000c0000000,0x00000000c6129c10,0x00000000c7280000)
 Metaspace       used 73691K, committed 74624K, reserved 1122304K
  class space    used 7298K, committed 7744K, reserved 1048576K
}
Event: 1255.334 GC heap before
{Heap before GC invocations=1448 (full 49):
 PSYoungGen      total 3584K, used 2464K [0x00000000eab00000, 0x00000000eaf80000, 0x0000000100000000)
  eden space 2048K, 100% used [0x00000000eab00000,0x00000000ead00000,0x00000000ead00000)
  from space 1536K, 27% used [0x00000000ead00000,0x00000000ead68000,0x00000000eae80000)
  to   space 1024K, 0% used [0x00000000eae80000,0x00000000eae80000,0x00000000eaf80000)
 ParOldGen       total 117248K, used 99495K [0x00000000c0000000, 0x00000000c7280000, 0x00000000eab00000)
  object space 117248K, 84% used [0x00000000c0000000,0x00000000c6129c10,0x00000000c7280000)
 Metaspace       used 73691K, committed 74624K, reserved 1122304K
  class space    used 7298K, committed 7744K, reserved 1048576K
}
Event: 1255.335 GC heap after
{Heap after GC invocations=1448 (full 49):
 PSYoungGen      total 3072K, used 1024K [0x00000000eab00000, 0x00000000eb000000, 0x0000000100000000)
  eden space 2048K, 0% used [0x00000000eab00000,0x00000000eab00000,0x00000000ead00000)
  from space 1024K, 100% used [0x00000000eae80000,0x00000000eaf80000,0x00000000eaf80000)
  to   space 1536K, 0% used [0x00000000ead00000,0x00000000ead00000,0x00000000eae80000)
 ParOldGen       total 117248K, used 99583K [0x00000000c0000000, 0x00000000c7280000, 0x00000000eab00000)
  object space 117248K, 84% used [0x00000000c0000000,0x00000000c613fc10,0x00000000c7280000)
 Metaspace       used 73691K, committed 74624K, reserved 1122304K
  class space    used 7298K, committed 7744K, reserved 1048576K
}
Event: 1255.391 GC heap before
{Heap before GC invocations=1449 (full 49):
 PSYoungGen      total 3072K, used 3072K [0x00000000eab00000, 0x00000000eb000000, 0x0000000100000000)
  eden space 2048K, 100% used [0x00000000eab00000,0x00000000ead00000,0x00000000ead00000)
  from space 1024K, 100% used [0x00000000eae80000,0x00000000eaf80000,0x00000000eaf80000)
  to   space 1536K, 0% used [0x00000000ead00000,0x00000000ead00000,0x00000000eae80000)
 ParOldGen       total 117248K, used 99583K [0x00000000c0000000, 0x00000000c7280000, 0x00000000eab00000)
  object space 117248K, 84% used [0x00000000c0000000,0x00000000c613fc10,0x00000000c7280000)
 Metaspace       used 73691K, committed 74624K, reserved 1122304K
  class space    used 7298K, committed 7744K, reserved 1048576K
}
Event: 1255.391 GC heap after
{Heap after GC invocations=1449 (full 49):
 PSYoungGen      total 3072K, used 613K [0x00000000eab00000, 0x00000000eaf00000, 0x0000000100000000)
  eden space 2048K, 0% used [0x00000000eab00000,0x00000000eab00000,0x00000000ead00000)
  from space 1024K, 59% used [0x00000000ead00000,0x00000000ead99570,0x00000000eae00000)
  to   space 1024K, 0% used [0x00000000eae00000,0x00000000eae00000,0x00000000eaf00000)
 ParOldGen       total 117248K, used 100387K [0x00000000c0000000, 0x00000000c7280000, 0x00000000eab00000)
  object space 117248K, 85% used [0x00000000c0000000,0x00000000c6208fc0,0x00000000c7280000)
 Metaspace       used 73691K, committed 74624K, reserved 1122304K
  class space    used 7298K, committed 7744K, reserved 1048576K
}
Event: 1255.393 GC heap before
{Heap before GC invocations=1450 (full 49):
 PSYoungGen      total 3072K, used 2661K [0x00000000eab00000, 0x00000000eaf00000, 0x0000000100000000)
  eden space 2048K, 100% used [0x00000000eab00000,0x00000000ead00000,0x00000000ead00000)
  from space 1024K, 59% used [0x00000000ead00000,0x00000000ead99570,0x00000000eae00000)
  to   space 1024K, 0% used [0x00000000eae00000,0x00000000eae00000,0x00000000eaf00000)
 ParOldGen       total 117248K, used 100387K [0x00000000c0000000, 0x00000000c7280000, 0x00000000eab00000)
  object space 117248K, 85% used [0x00000000c0000000,0x00000000c6208fc0,0x00000000c7280000)
 Metaspace       used 73691K, committed 74624K, reserved 1122304K
  class space    used 7298K, committed 7744K, reserved 1048576K
}
Event: 1255.394 GC heap after
{Heap after GC invocations=1450 (full 49):
 PSYoungGen      total 2560K, used 997K [0x00000000eab00000, 0x00000000eb000000, 0x0000000100000000)
  eden space 1536K, 0% used [0x00000000eab00000,0x00000000eab00000,0x00000000eac80000)
  from space 1024K, 97% used [0x00000000eae00000,0x00000000eaef9680,0x00000000eaf00000)
  to   space 1536K, 0% used [0x00000000eac80000,0x00000000eac80000,0x00000000eae00000)
 ParOldGen       total 117248K, used 100560K [0x00000000c0000000, 0x00000000c7280000, 0x00000000eab00000)
  object space 117248K, 85% used [0x00000000c0000000,0x00000000c6234040,0x00000000c7280000)
 Metaspace       used 73691K, committed 74624K, reserved 1122304K
  class space    used 7298K, committed 7744K, reserved 1048576K
}
Event: 1255.397 GC heap before
{Heap before GC invocations=1451 (full 49):
 PSYoungGen      total 2560K, used 2533K [0x00000000eab00000, 0x00000000eb000000, 0x0000000100000000)
  eden space 1536K, 100% used [0x00000000eab00000,0x00000000eac80000,0x00000000eac80000)
  from space 1024K, 97% used [0x00000000eae00000,0x00000000eaef9680,0x00000000eaf00000)
  to   space 1536K, 0% used [0x00000000eac80000,0x00000000eac80000,0x00000000eae00000)
 ParOldGen       total 117248K, used 100560K [0x00000000c0000000, 0x00000000c7280000, 0x00000000eab00000)
  object space 117248K, 85% used [0x00000000c0000000,0x00000000c6234040,0x00000000c7280000)
 Metaspace       used 73691K, committed 74624K, reserved 1122304K
  class space    used 7298K, committed 7744K, reserved 1048576K
}
Event: 1255.398 GC heap after
{Heap after GC invocations=1451 (full 49):
 PSYoungGen      total 3072K, used 1344K [0x00000000eab00000, 0x00000000eaf80000, 0x0000000100000000)
  eden space 1536K, 0% used [0x00000000eab00000,0x00000000eab00000,0x00000000eac80000)
  from space 1536K, 87% used [0x00000000eac80000,0x00000000eadd0000,0x00000000eae00000)
  to   space 1536K, 0% used [0x00000000eae00000,0x00000000eae00000,0x00000000eaf80000)
 ParOldGen       total 117248K, used 101500K [0x00000000c0000000, 0x00000000c7280000, 0x00000000eab00000)
  object space 117248K, 86% used [0x00000000c0000000,0x00000000c631f2d0,0x00000000c7280000)
 Metaspace       used 73691K, committed 74624K, reserved 1122304K
  class space    used 7298K, committed 7744K, reserved 1048576K
}
Event: 1255.402 GC heap before
{Heap before GC invocations=1452 (full 49):
 PSYoungGen      total 3072K, used 2879K [0x00000000eab00000, 0x00000000eaf80000, 0x0000000100000000)
  eden space 1536K, 99% used [0x00000000eab00000,0x00000000eac7ffb0,0x00000000eac80000)
  from space 1536K, 87% used [0x00000000eac80000,0x00000000eadd0000,0x00000000eae00000)
  to   space 1536K, 0% used [0x00000000eae00000,0x00000000eae00000,0x00000000eaf80000)
 ParOldGen       total 117248K, used 101500K [0x00000000c0000000, 0x00000000c7280000, 0x00000000eab00000)
  object space 117248K, 86% used [0x00000000c0000000,0x00000000c631f2d0,0x00000000c7280000)
 Metaspace       used 73691K, committed 74624K, reserved 1122304K
  class space    used 7298K, committed 7744K, reserved 1048576K
}
Event: 1255.403 GC heap after
{Heap after GC invocations=1452 (full 49):
 PSYoungGen      total 2048K, used 1536K [0x00000000eab00000, 0x00000000eb280000, 0x0000000100000000)
  eden space 512K, 0% used [0x00000000eab00000,0x00000000eab00000,0x00000000eab80000)
  from space 1536K, 100% used [0x00000000eae00000,0x00000000eaf80000,0x00000000eaf80000)
  to   space 2560K, 0% used [0x00000000eab80000,0x00000000eab80000,0x00000000eae00000)
 ParOldGen       total 117248K, used 102732K [0x00000000c0000000, 0x00000000c7280000, 0x00000000eab00000)
  object space 117248K, 87% used [0x00000000c0000000,0x00000000c64532d0,0x00000000c7280000)
 Metaspace       used 73691K, committed 74624K, reserved 1122304K
  class space    used 7298K, committed 7744K, reserved 1048576K
}
Event: 1255.405 GC heap before
{Heap before GC invocations=1453 (full 49):
 PSYoungGen      total 2048K, used 2048K [0x00000000eab00000, 0x00000000eb280000, 0x0000000100000000)
  eden space 512K, 100% used [0x00000000eab00000,0x00000000eab80000,0x00000000eab80000)
  from space 1536K, 100% used [0x00000000eae00000,0x00000000eaf80000,0x00000000eaf80000)
  to   space 2560K, 0% used [0x00000000eab80000,0x00000000eab80000,0x00000000eae00000)
 ParOldGen       total 117248K, used 102732K [0x00000000c0000000, 0x00000000c7280000, 0x00000000eab00000)
  object space 117248K, 87% used [0x00000000c0000000,0x00000000c64532d0,0x00000000c7280000)
 Metaspace       used 73691K, committed 74624K, reserved 1122304K
  class space    used 7298K, committed 7744K, reserved 1048576K
}

